22-Feb-2024 20:08:17.355 INFO [main] org.apache.catalina.startup.VersionLoggerListener.log Server version name:   Apache Tomcat/8.5.99
22-Feb-2024 20:08:17.358 INFO [main] org.apache.catalina.startup.VersionLoggerListener.log Server built:          Feb 14 2024 22:52:13 UTC
22-Feb-2024 20:08:17.358 INFO [main] org.apache.catalina.startup.VersionLoggerListener.log Server version number: 8.5.99.0
22-Feb-2024 20:08:17.358 INFO [main] org.apache.catalina.startup.VersionLoggerListener.log OS Name:               Windows 11
22-Feb-2024 20:08:17.359 INFO [main] org.apache.catalina.startup.VersionLoggerListener.log OS Version:            10.0
22-Feb-2024 20:08:17.359 INFO [main] org.apache.catalina.startup.VersionLoggerListener.log Architecture:          amd64
22-Feb-2024 20:08:17.359 INFO [main] org.apache.catalina.startup.VersionLoggerListener.log Java Home:             C:\Users\S. Dharani\.jdks\corretto-1.8.0_402\jre
22-Feb-2024 20:08:17.359 INFO [main] org.apache.catalina.startup.VersionLoggerListener.log JVM Version:           1.8.0_402-b08
22-Feb-2024 20:08:17.359 INFO [main] org.apache.catalina.startup.VersionLoggerListener.log JVM Vendor:            Amazon.com Inc.
22-Feb-2024 20:08:17.359 INFO [main] org.apache.catalina.startup.VersionLoggerListener.log CATALINA_BASE:         D:\UserLogin
22-Feb-2024 20:08:17.359 INFO [main] org.apache.catalina.startup.VersionLoggerListener.log CATALINA_HOME:         C:\Users\S. Dharani\apache-tomcat-8.5.99-windows-x64\apache-tomcat-8.5.99
22-Feb-2024 20:08:17.359 INFO [main] org.apache.catalina.startup.VersionLoggerListener.log Command line argument: -Dcatalina.home=C:\Users\S. Dharani\apache-tomcat-8.5.99-windows-x64\apache-tomcat-8.5.99
22-Feb-2024 20:08:17.359 INFO [main] org.apache.catalina.startup.VersionLoggerListener.log Command line argument: -Dcatalina.base=D:\UserLogin
22-Feb-2024 20:08:17.359 INFO [main] org.apache.catalina.startup.VersionLoggerListener.log Command line argument: -Djava.io.tmpdir=D:\UserLogin\temp
22-Feb-2024 20:08:17.359 INFO [main] org.apache.catalina.startup.VersionLoggerListener.log Command line argument: -Djava.util.logging.config.file=D:\UserLogin\conf\logging.properties
22-Feb-2024 20:08:17.359 INFO [main] org.apache.catalina.startup.VersionLoggerListener.log Command line argument: -Djava.util.logging.manager=org.apache.juli.ClassLoaderLogManager
22-Feb-2024 20:08:17.360 INFO [main] org.apache.catalina.startup.VersionLoggerListener.log Command line argument: -javaagent:C:\Program Files\JetBrains\IntelliJ IDEA 2023.3.2\lib\idea_rt.jar=62770:C:\Program Files\JetBrains\IntelliJ IDEA 2023.3.2\bin
22-Feb-2024 20:08:17.360 INFO [main] org.apache.catalina.startup.VersionLoggerListener.log Command line argument: -Dfile.encoding=UTF-8
22-Feb-2024 20:08:17.360 INFO [main] org.apache.catalina.core.AprLifecycleListener.lifecycleEvent The Apache Tomcat Native library which allows using OpenSSL was not found on the java.library.path: [C:\Users\S. Dharani\.jdks\corretto-1.8.0_402\bin;C:\WINDOWS\Sun\Java\bin;C:\WINDOWS\system32;C:\WINDOWS;C:\Program Files\Common Files\Oracle\Java\javapath;C:\WINDOWS\system32;C:\WINDOWS;C:\WINDOWS\System32\Wbem;C:\WINDOWS\System32\WindowsPowerShell\v1.0\;C:\WINDOWS\System32\OpenSSH\;C:\Program Files (x86)\nodejs\;C:\Program Files\Git\cmd;C:\Program Files (x86)\Git\cmd;C:\Program Files\MySQL\MySQL Shell 8.0\bin\;C:\Users\S. Dharani\AppData\Local\Programs\Python\Python311\Scripts\;C:\Users\S. Dharani\AppData\Local\Programs\Python\Python311\;C:\Users\S. Dharani\AppData\Local\Microsoft\WindowsApps;C:\Users\S. Dharani\AppData\Roaming\npm;C:\Users\S. Dharani\AppData\Local\Programs\Microsoft VS Code\bin;;.]
22-Feb-2024 20:08:18.693 INFO [main] org.apache.coyote.AbstractProtocol.init Initializing ProtocolHandler ["http-nio-8081"]
22-Feb-2024 20:08:18.730 INFO [main] org.apache.catalina.startup.Catalina.load Initialization processed in 2071 ms
22-Feb-2024 20:08:18.857 INFO [main] org.apache.catalina.core.StandardService.startInternal Starting service [Catalina]
22-Feb-2024 20:08:18.857 INFO [main] org.apache.catalina.core.StandardEngine.startInternal Starting Servlet engine: [Apache Tomcat/8.5.99]
22-Feb-2024 20:08:18.873 INFO [localhost-startStop-1] org.apache.catalina.startup.HostConfig.deployDescriptor Deploying deployment descriptor [D:\UserLogin\conf\Catalina\localhost\UserLogin.xml]
22-Feb-2024 20:08:20.475 INFO [localhost-startStop-1] org.apache.jasper.servlet.TldScanner.scanJars At least one JAR was scanned for TLDs yet contained no TLDs. Enable debug logging for this logger for a complete list of JARs that were scanned but no TLDs were found in them. Skipping unneeded JARs during scanning can improve startup time and JSP compilation time.
22-Feb-2024 20:08:20.737 WARNING [localhost-startStop-1] org.apache.catalina.util.SessionIdGeneratorBase.createSecureRandom Creation of SecureRandom instance for session ID generation using [SHA1PRNG] took [190] milliseconds.
22-Feb-2024 20:08:20.755 INFO [localhost-startStop-1] org.apache.catalina.startup.HostConfig.deployDescriptor Deployment of deployment descriptor [D:\UserLogin\conf\Catalina\localhost\UserLogin.xml] has finished in [1,882] ms
22-Feb-2024 20:08:20.760 INFO [main] org.apache.coyote.AbstractProtocol.start Starting ProtocolHandler ["http-nio-8081"]
22-Feb-2024 20:08:20.788 INFO [main] org.apache.catalina.startup.Catalina.start Server startup in 2056 ms
22-Feb-2024 20:49:34.404 INFO [Thread-2] org.apache.coyote.AbstractProtocol.pause Pausing ProtocolHandler ["http-nio-8081"]
22-Feb-2024 20:49:34.727 INFO [Thread-2] org.apache.catalina.core.StandardService.stopInternal Stopping service [Catalina]
22-Feb-2024 20:49:34.770 WARNING [localhost-startStop-2] org.apache.catalina.loader.WebappClassLoaderBase.clearReferencesJdbc The web application [UserLogin] registered the JDBC driver [com.mysql.cj.jdbc.Driver] but failed to unregister it when the web application was stopped. To prevent a memory leak, the JDBC Driver has been forcibly unregistered.
22-Feb-2024 20:49:34.770 WARNING [localhost-startStop-2] org.apache.catalina.loader.WebappClassLoaderBase.clearReferencesThreads The web application [UserLogin] appears to have started a thread named [mysql-cj-abandoned-connection-cleanup] but has failed to stop it. This is very likely to create a memory leak. Stack trace of thread:
 java.lang.Object.wait(Native Method)
 java.lang.ref.ReferenceQueue.remove(ReferenceQueue.java:144)
 com.mysql.cj.jdbc.AbandonedConnectionCleanupThread.run(AbandonedConnectionCleanupThread.java:91)
 java.util.concurrent.ThreadPoolExecutor.runWorker(ThreadPoolExecutor.java:1149)
 java.util.concurrent.ThreadPoolExecutor$Worker.run(ThreadPoolExecutor.java:624)
 java.lang.Thread.run(Thread.java:750)
22-Feb-2024 20:49:34.786 INFO [Thread-2] org.apache.coyote.AbstractProtocol.stop Stopping ProtocolHandler ["http-nio-8081"]
22-Feb-2024 20:49:34.818 INFO [Thread-2] org.apache.coyote.AbstractProtocol.destroy Destroying ProtocolHandler ["http-nio-8081"]
22-Feb-2024 20:49:41.843 INFO [main] org.apache.catalina.startup.VersionLoggerListener.log Server version name:   Apache Tomcat/8.5.99
22-Feb-2024 20:49:41.848 INFO [main] org.apache.catalina.startup.VersionLoggerListener.log Server built:          Feb 14 2024 22:52:13 UTC
22-Feb-2024 20:49:41.848 INFO [main] org.apache.catalina.startup.VersionLoggerListener.log Server version number: 8.5.99.0
22-Feb-2024 20:49:41.849 INFO [main] org.apache.catalina.startup.VersionLoggerListener.log OS Name:               Windows 11
22-Feb-2024 20:49:41.849 INFO [main] org.apache.catalina.startup.VersionLoggerListener.log OS Version:            10.0
22-Feb-2024 20:49:41.849 INFO [main] org.apache.catalina.startup.VersionLoggerListener.log Architecture:          amd64
22-Feb-2024 20:49:41.849 INFO [main] org.apache.catalina.startup.VersionLoggerListener.log Java Home:             C:\Users\S. Dharani\.jdks\corretto-1.8.0_402\jre
22-Feb-2024 20:49:41.849 INFO [main] org.apache.catalina.startup.VersionLoggerListener.log JVM Version:           1.8.0_402-b08
22-Feb-2024 20:49:41.849 INFO [main] org.apache.catalina.startup.VersionLoggerListener.log JVM Vendor:            Amazon.com Inc.
22-Feb-2024 20:49:41.849 INFO [main] org.apache.catalina.startup.VersionLoggerListener.log CATALINA_BASE:         D:\UserLogin
22-Feb-2024 20:49:41.849 INFO [main] org.apache.catalina.startup.VersionLoggerListener.log CATALINA_HOME:         C:\Users\S. Dharani\apache-tomcat-8.5.99-windows-x64\apache-tomcat-8.5.99
22-Feb-2024 20:49:41.850 INFO [main] org.apache.catalina.startup.VersionLoggerListener.log Command line argument: -Dcatalina.home=C:\Users\S. Dharani\apache-tomcat-8.5.99-windows-x64\apache-tomcat-8.5.99
22-Feb-2024 20:49:41.850 INFO [main] org.apache.catalina.startup.VersionLoggerListener.log Command line argument: -Dcatalina.base=D:\UserLogin
22-Feb-2024 20:49:41.850 INFO [main] org.apache.catalina.startup.VersionLoggerListener.log Command line argument: -Djava.io.tmpdir=D:\UserLogin\temp
22-Feb-2024 20:49:41.850 INFO [main] org.apache.catalina.startup.VersionLoggerListener.log Command line argument: -Djava.util.logging.config.file=D:\UserLogin\conf\logging.properties
22-Feb-2024 20:49:41.850 INFO [main] org.apache.catalina.startup.VersionLoggerListener.log Command line argument: -Djava.util.logging.manager=org.apache.juli.ClassLoaderLogManager
22-Feb-2024 20:49:41.850 INFO [main] org.apache.catalina.startup.VersionLoggerListener.log Command line argument: -javaagent:C:\Program Files\JetBrains\IntelliJ IDEA 2023.3.2\lib\idea_rt.jar=62346:C:\Program Files\JetBrains\IntelliJ IDEA 2023.3.2\bin
22-Feb-2024 20:49:41.852 INFO [main] org.apache.catalina.startup.VersionLoggerListener.log Command line argument: -Dfile.encoding=UTF-8
22-Feb-2024 20:49:41.852 INFO [main] org.apache.catalina.core.AprLifecycleListener.lifecycleEvent The Apache Tomcat Native library which allows using OpenSSL was not found on the java.library.path: [C:\Users\S. Dharani\.jdks\corretto-1.8.0_402\bin;C:\WINDOWS\Sun\Java\bin;C:\WINDOWS\system32;C:\WINDOWS;C:\Program Files\Common Files\Oracle\Java\javapath;C:\WINDOWS\system32;C:\WINDOWS;C:\WINDOWS\System32\Wbem;C:\WINDOWS\System32\WindowsPowerShell\v1.0\;C:\WINDOWS\System32\OpenSSH\;C:\Program Files (x86)\nodejs\;C:\Program Files\Git\cmd;C:\Program Files (x86)\Git\cmd;C:\Program Files\MySQL\MySQL Shell 8.0\bin\;C:\Users\S. Dharani\AppData\Local\Programs\Python\Python311\Scripts\;C:\Users\S. Dharani\AppData\Local\Programs\Python\Python311\;C:\Users\S. Dharani\AppData\Local\Microsoft\WindowsApps;C:\Users\S. Dharani\AppData\Roaming\npm;C:\Users\S. Dharani\AppData\Local\Programs\Microsoft VS Code\bin;;.]
22-Feb-2024 20:49:42.050 INFO [main] org.apache.coyote.AbstractProtocol.init Initializing ProtocolHandler ["http-nio-8081"]
22-Feb-2024 20:49:42.114 INFO [main] org.apache.catalina.startup.Catalina.load Initialization processed in 1048 ms
22-Feb-2024 20:49:42.305 INFO [main] org.apache.catalina.core.StandardService.startInternal Starting service [Catalina]
22-Feb-2024 20:49:42.306 INFO [main] org.apache.catalina.core.StandardEngine.startInternal Starting Servlet engine: [Apache Tomcat/8.5.99]
22-Feb-2024 20:49:42.321 INFO [localhost-startStop-1] org.apache.catalina.startup.HostConfig.deployDescriptor Deploying deployment descriptor [D:\UserLogin\conf\Catalina\localhost\UserLogin.xml]
22-Feb-2024 20:49:43.534 INFO [localhost-startStop-1] org.apache.jasper.servlet.TldScanner.scanJars At least one JAR was scanned for TLDs yet contained no TLDs. Enable debug logging for this logger for a complete list of JARs that were scanned but no TLDs were found in them. Skipping unneeded JARs during scanning can improve startup time and JSP compilation time.
22-Feb-2024 20:49:43.767 WARNING [localhost-startStop-1] org.apache.catalina.util.SessionIdGeneratorBase.createSecureRandom Creation of SecureRandom instance for session ID generation using [SHA1PRNG] took [187] milliseconds.
22-Feb-2024 20:49:43.799 INFO [localhost-startStop-1] org.apache.catalina.startup.HostConfig.deployDescriptor Deployment of deployment descriptor [D:\UserLogin\conf\Catalina\localhost\UserLogin.xml] has finished in [1,478] ms
22-Feb-2024 20:49:43.802 INFO [main] org.apache.coyote.AbstractProtocol.start Starting ProtocolHandler ["http-nio-8081"]
22-Feb-2024 20:49:43.827 INFO [main] org.apache.catalina.startup.Catalina.start Server startup in 1712 ms
22-Feb-2024 21:03:19.752 INFO [Thread-2] org.apache.coyote.AbstractProtocol.pause Pausing ProtocolHandler ["http-nio-8081"]
22-Feb-2024 21:03:19.903 INFO [Thread-2] org.apache.catalina.core.StandardService.stopInternal Stopping service [Catalina]
22-Feb-2024 21:03:19.924 INFO [Thread-2] org.apache.coyote.AbstractProtocol.stop Stopping ProtocolHandler ["http-nio-8081"]
22-Feb-2024 21:03:19.940 INFO [Thread-2] org.apache.coyote.AbstractProtocol.destroy Destroying ProtocolHandler ["http-nio-8081"]
22-Feb-2024 21:04:56.823 INFO [main] org.apache.catalina.startup.VersionLoggerListener.log Server version name:   Apache Tomcat/8.5.99
22-Feb-2024 21:04:56.827 INFO [main] org.apache.catalina.startup.VersionLoggerListener.log Server built:          Feb 14 2024 22:52:13 UTC
22-Feb-2024 21:04:56.827 INFO [main] org.apache.catalina.startup.VersionLoggerListener.log Server version number: 8.5.99.0
22-Feb-2024 21:04:56.827 INFO [main] org.apache.catalina.startup.VersionLoggerListener.log OS Name:               Windows 11
22-Feb-2024 21:04:56.827 INFO [main] org.apache.catalina.startup.VersionLoggerListener.log OS Version:            10.0
22-Feb-2024 21:04:56.827 INFO [main] org.apache.catalina.startup.VersionLoggerListener.log Architecture:          amd64
22-Feb-2024 21:04:56.827 INFO [main] org.apache.catalina.startup.VersionLoggerListener.log Java Home:             C:\Users\S. Dharani\.jdks\corretto-1.8.0_402\jre
22-Feb-2024 21:04:56.827 INFO [main] org.apache.catalina.startup.VersionLoggerListener.log JVM Version:           1.8.0_402-b08
22-Feb-2024 21:04:56.828 INFO [main] org.apache.catalina.startup.VersionLoggerListener.log JVM Vendor:            Amazon.com Inc.
22-Feb-2024 21:04:56.828 INFO [main] org.apache.catalina.startup.VersionLoggerListener.log CATALINA_BASE:         D:\UserLogin
22-Feb-2024 21:04:56.828 INFO [main] org.apache.catalina.startup.VersionLoggerListener.log CATALINA_HOME:         C:\Users\S. Dharani\apache-tomcat-8.5.99-windows-x64\apache-tomcat-8.5.99
22-Feb-2024 21:04:56.828 INFO [main] org.apache.catalina.startup.VersionLoggerListener.log Command line argument: -Dcatalina.home=C:\Users\S. Dharani\apache-tomcat-8.5.99-windows-x64\apache-tomcat-8.5.99
22-Feb-2024 21:04:56.828 INFO [main] org.apache.catalina.startup.VersionLoggerListener.log Command line argument: -Dcatalina.base=D:\UserLogin
22-Feb-2024 21:04:56.828 INFO [main] org.apache.catalina.startup.VersionLoggerListener.log Command line argument: -Djava.io.tmpdir=D:\UserLogin\temp
22-Feb-2024 21:04:56.828 INFO [main] org.apache.catalina.startup.VersionLoggerListener.log Command line argument: -Djava.util.logging.config.file=D:\UserLogin\conf\logging.properties
22-Feb-2024 21:04:56.828 INFO [main] org.apache.catalina.startup.VersionLoggerListener.log Command line argument: -Djava.util.logging.manager=org.apache.juli.ClassLoaderLogManager
22-Feb-2024 21:04:56.828 INFO [main] org.apache.catalina.startup.VersionLoggerListener.log Command line argument: -javaagent:C:\Program Files\JetBrains\IntelliJ IDEA 2023.3.2\lib\idea_rt.jar=62579:C:\Program Files\JetBrains\IntelliJ IDEA 2023.3.2\bin
22-Feb-2024 21:04:56.829 INFO [main] org.apache.catalina.startup.VersionLoggerListener.log Command line argument: -Dfile.encoding=UTF-8
22-Feb-2024 21:04:56.830 INFO [main] org.apache.catalina.core.AprLifecycleListener.lifecycleEvent The Apache Tomcat Native library which allows using OpenSSL was not found on the java.library.path: [C:\Users\S. Dharani\.jdks\corretto-1.8.0_402\bin;C:\WINDOWS\Sun\Java\bin;C:\WINDOWS\system32;C:\WINDOWS;C:\Program Files\Common Files\Oracle\Java\javapath;C:\WINDOWS\system32;C:\WINDOWS;C:\WINDOWS\System32\Wbem;C:\WINDOWS\System32\WindowsPowerShell\v1.0\;C:\WINDOWS\System32\OpenSSH\;C:\Program Files (x86)\nodejs\;C:\Program Files\Git\cmd;C:\Program Files (x86)\Git\cmd;C:\Program Files\MySQL\MySQL Shell 8.0\bin\;C:\Users\S. Dharani\AppData\Local\Programs\Python\Python311\Scripts\;C:\Users\S. Dharani\AppData\Local\Programs\Python\Python311\;C:\Users\S. Dharani\AppData\Local\Microsoft\WindowsApps;C:\Users\S. Dharani\AppData\Roaming\npm;C:\Users\S. Dharani\AppData\Local\Programs\Microsoft VS Code\bin;;.]
22-Feb-2024 21:04:57.133 INFO [main] org.apache.coyote.AbstractProtocol.init Initializing ProtocolHandler ["http-nio-8081"]
22-Feb-2024 21:04:57.188 INFO [main] org.apache.catalina.startup.Catalina.load Initialization processed in 1394 ms
22-Feb-2024 21:04:57.320 INFO [main] org.apache.catalina.core.StandardService.startInternal Starting service [Catalina]
22-Feb-2024 21:04:57.321 INFO [main] org.apache.catalina.core.StandardEngine.startInternal Starting Servlet engine: [Apache Tomcat/8.5.99]
22-Feb-2024 21:04:57.331 INFO [localhost-startStop-1] org.apache.catalina.startup.HostConfig.deployDescriptor Deploying deployment descriptor [D:\UserLogin\conf\Catalina\localhost\UserLogin.xml]
22-Feb-2024 21:04:58.526 INFO [localhost-startStop-1] org.apache.jasper.servlet.TldScanner.scanJars At least one JAR was scanned for TLDs yet contained no TLDs. Enable debug logging for this logger for a complete list of JARs that were scanned but no TLDs were found in them. Skipping unneeded JARs during scanning can improve startup time and JSP compilation time.
22-Feb-2024 21:04:58.734 WARNING [localhost-startStop-1] org.apache.catalina.util.SessionIdGeneratorBase.createSecureRandom Creation of SecureRandom instance for session ID generation using [SHA1PRNG] took [167] milliseconds.
22-Feb-2024 21:04:58.763 INFO [localhost-startStop-1] org.apache.catalina.startup.HostConfig.deployDescriptor Deployment of deployment descriptor [D:\UserLogin\conf\Catalina\localhost\UserLogin.xml] has finished in [1,431] ms
22-Feb-2024 21:04:58.764 INFO [main] org.apache.coyote.AbstractProtocol.start Starting ProtocolHandler ["http-nio-8081"]
22-Feb-2024 21:04:58.781 INFO [main] org.apache.catalina.startup.Catalina.start Server startup in 1592 ms
